<?xml version="1.0" encoding="UTF-8"?>
<!-- Generated by org.testng.reporters.JUnitXMLReporter -->
<testsuite ignored="5" hostname="User" failures="0" tests="1" name="Default test" time="8.224" errors="0" timestamp="2022-04-05T12:55:42 SGT">
  <testcase classname="Main.Login" name="loginTest01" time="7.163"/>
  <testcase classname="Main.Login" name="loginTest04" time="0.0">
    <ignored/>
  </testcase> <!-- loginTest04 -->
  <testcase classname="Main.Login" name="loginTest03" time="0.0">
    <ignored/>
  </testcase> <!-- loginTest03 -->
  <testcase classname="Main.Login" name="loginTest06" time="0.0">
    <ignored/>
  </testcase> <!-- loginTest06 -->
  <testcase classname="Main.Login" name="loginTest05" time="0.0">
    <ignored/>
  </testcase> <!-- loginTest05 -->
  <testcase classname="Main.Login" name="loginTest02" time="0.0">
    <ignored/>
  </testcase> <!-- loginTest02 -->
</testsuite> <!-- Default test -->
