<?xml version="1.0" encoding="UTF-8"?>
<testng-results ignored="5" total="6" passed="1" failed="0" skipped="0">
  <reporter-output>
  </reporter-output>
  <suite started-at="2022-04-05T12:55:34 SGT" name="Default suite" finished-at="2022-04-05T12:55:42 SGT" duration-ms="8224">
    <groups>
    </groups>
    <test started-at="2022-04-05T12:55:34 SGT" name="Default test" finished-at="2022-04-05T12:55:42 SGT" duration-ms="8224">
      <class name="Main.Login">
        <test-method is-config="true" signature="launchBrowser()[pri:0, instance:Main.Login@49ec71f8]" started-at="2022-04-05T12:55:34 SGT" name="launchBrowser" finished-at="2022-04-05T12:55:34 SGT" duration-ms="696" status="PASS">
          <reporter-output>
          </reporter-output>
        </test-method> <!-- launchBrowser -->
        <test-method signature="loginTest01()[pri:0, instance:Main.Login@49ec71f8]" started-at="2022-04-05T12:55:34 SGT" name="loginTest01" finished-at="2022-04-05T12:55:42 SGT" duration-ms="7163" status="PASS">
          <reporter-output>
          </reporter-output>
        </test-method> <!-- loginTest01 -->
        <test-method is-config="true" signature="closeBrowser()[pri:0, instance:Main.Login@49ec71f8]" started-at="2022-04-05T12:55:42 SGT" name="closeBrowser" finished-at="2022-04-05T12:55:42 SGT" duration-ms="312" status="PASS">
          <reporter-output>
          </reporter-output>
        </test-method> <!-- closeBrowser -->
      </class> <!-- Main.Login -->
    </test> <!-- Default test -->
  </suite> <!-- Default suite -->
</testng-results>
