<?xml version="1.0" encoding="UTF-8"?>
<!-- Generated by org.testng.reporters.JUnitXMLReporter -->
<testsuite ignored="0" hostname="User" failures="1" tests="5" name="Test" time="31.893" errors="0" timestamp="2022-04-03T19:23:48 SGT">
  <testcase classname="Main.Automation" name="@AfterMethod closingBrowser" time="0.001">
    <failure type="java.lang.NullPointerException" message="Cannot invoke &amp;quot;org.openqa.selenium.WebDriver.close()&amp;quot; because &amp;quot;Main.Automation.driver&amp;quot; is null">
      <![CDATA[java.lang.NullPointerException: Cannot invoke "org.openqa.selenium.WebDriver.close()" because "Main.Automation.driver" is null
at Main.Automation.closingBrowser(Automation.java:35)
at java.base/java.util.ArrayList.forEach(ArrayList.java:1511)
... Removed 32 stack frames]]>
    </failure>
  </testcase> <!-- @AfterMethod closingBrowser -->
  <testcase classname="Main.Automation" name="invalidLogin" time="0.026">
    <failure type="java.lang.NullPointerException" message="Cannot invoke &amp;quot;org.openqa.selenium.WebDriver.findElement(org.openqa.selenium.By)&amp;quot; because &amp;quot;Main.Automation.driver&amp;quot; is null">
      <![CDATA[java.lang.NullPointerException: Cannot invoke "org.openqa.selenium.WebDriver.findElement(org.openqa.selenium.By)" because "Main.Automation.driver" is null
at Main.Automation.invalidLogin(Automation.java:43)
at java.base/java.util.ArrayList.forEach(ArrayList.java:1511)
... Removed 27 stack frames]]>
    </failure>
  </testcase> <!-- invalidLogin -->
  <testcase classname="Main.Login" name="logintest01" time="6.506"/>
  <testcase classname="Main.Login" name="logintest02" time="5.796"/>
  <testcase classname="Main.Login" name="logintest03" time="5.825"/>
  <testcase classname="Main.Login" name="logintest04" time="7.861"/>
</testsuite> <!-- Test -->
